2017-04-28 12:50:50,867 INFO Login oauth - email:'10209723454195190' login successfully
2017-04-28 13:11:00,246 INFO Login - email:'palmar08@nff.is' login successfully
2017-04-28 13:13:42,850 INFO Login oauth - email:'10209723454195190' login successfully
2017-04-28 13:16:13,652 INFO Login - email:'palmar08@nff.is' login successfully
2017-04-28 13:17:45,132 INFO Login - email:'palmar08@nff.is' login successfully
2017-04-28 13:30:00,872 INFO Login oauth - email:'10209723454195190' login successfully
2017-04-28 17:04:57,614 INFO Login oauth - email:'10209723454195190' login successfully
2017-05-01 19:59:53,543 INFO Login oauth - email:'10209723454195190' login successfully
2017-05-01 22:58:43,510 INFO Login oauth - email:'10209723454195190' login successfully
2017-05-02 17:20:27,887 INFO Register oauth - email:'Pálmar Gíslason' register successfully
2017-05-02 17:21:01,761 INFO Login oauth - email:'Pálmar Gíslason' login successfully
2017-05-02 17:22:02,699 INFO Login oauth - email:'palmargisla@gmail.com' login successfully
2017-05-02 18:02:45,917 INFO Login oauth - email:'10209723454195190' login successfully
2017-05-02 19:53:57,606 INFO Register oauth - email:'palmargisla@gmail.com' register successfully
2017-05-02 20:03:55,914 INFO Login oauth - email:'10209723454195190' login successfully
2017-05-02 20:05:25,811 INFO Login oauth - email:'palmargisla@gmail.com' login successfully
2017-05-02 20:06:05,368 INFO Login oauth - email:'10209723454195190' login successfully
2017-05-02 20:06:58,893 INFO Login oauth - email:'10209723454195190' login successfully
2017-05-02 20:09:12,434 INFO Login oauth - email:'10209723454195190' login successfully
2017-05-02 22:33:23,509 INFO Register oauth - email:'palmargisla@gmail.com' register successfully
2017-05-03 19:41:36,197 INFO Login oauth - email:'palmargisla@gmail.com' login successfully
2017-05-03 19:41:44,394 INFO Register oauth - email:'10209723454195190' register successfully
2017-05-03 19:41:51,130 INFO Login oauth - email:'palmargisla@gmail.com' login successfully
2017-05-03 19:47:33,422 INFO Login oauth - email:'palmargisla@gmail.com' login successfully
2017-05-03 22:45:52,957 INFO Login oauth - email:'10209723454195190' login successfully
2017-05-04 22:37:38,148 INFO Login oauth - email:'palmargisla@gmail.com' login successfully
2017-05-06 20:25:00,703 INFO Login oauth - email:'palmargisla@gmail.com' login successfully
2017-05-07 09:42:56,753 INFO Register oauth - email:'palmargisla@gmail.com' register successfully
2017-05-07 10:59:26,221 WARNING Register oauth - email:'palmargisla@gmail.com' register failed
2017-05-07 11:00:47,594 INFO Login oauth - email:'palmargisla@gmail.com' login successfully
2017-05-07 11:01:11,473 INFO Login oauth - email:'palmargisla@gmail.com' login successfully
2017-05-07 11:01:37,948 INFO Login oauth - email:'palmargisla@gmail.com' login successfully
2017-05-07 11:01:44,996 INFO Login oauth - email:'palmargisla@gmail.com' login successfully
2017-05-07 11:04:55,034 INFO Login oauth - email:'palmargisla@gmail.com' login successfully
2017-05-07 11:09:19,838 INFO Login oauth - email:'palmargisla@gmail.com' login successfully
2017-05-07 11:09:26,353 WARNING Register oauth - email:'10209723454195190' register failed
2017-05-07 11:11:43,040 WARNING Register oauth - email:'10209723454195190' register failed
2017-05-07 11:12:23,381 WARNING Register oauth - email:'10209723454195190' register failed
2017-05-07 11:14:04,731 INFO Register oauth - email:'10209723454195190' register successfully
2017-05-07 11:14:15,526 INFO Login oauth - email:'palmargisla@gmail.com' login successfully
2017-05-07 12:06:07,516 INFO Login oauth - email:'palmargisla@gmail.com' login successfully
2017-05-07 22:10:41,222 INFO Login oauth - email:'palmargisla@gmail.com' login successfully
2017-05-08 20:13:22,511 INFO Login oauth - email:'palmargisla@gmail.com' login successfully
2017-05-08 20:13:37,604 INFO Register oauth - email:'10209723454195190' register successfully
2017-05-08 21:29:46,903 WARNING Login - email:'palmargisla@gmail.com' tried to login with incorrect password
2017-05-08 21:30:43,536 WARNING Login - email:'palmargisla@gmail.com' tried to login with incorrect password
2017-05-08 21:34:01,470 WARNING Login - email:'palmargisla@gmail.com' tried to login with incorrect password
2017-05-08 21:34:59,623 WARNING Login - email:'palmargisla@gmail.com' tried to login with incorrect password
2017-05-08 21:35:12,852 WARNING Login - email:'palmargisla@gmail.com' tried to login with incorrect password
2017-05-08 21:43:58,744 INFO Login oauth - email:'palmargisla@gmail.com' login successfully
2017-05-08 22:50:59,815 INFO Login oauth - email:'palmargisla@gmail.com' login successfully
2017-05-09 16:05:23,362 INFO Login oauth - email:'palmargisla@gmail.com' login successfully
2017-05-09 18:23:55,912 INFO Login oauth - email:'palmargisla@gmail.com' login successfully
2017-05-09 20:31:56,547 INFO Login oauth - email:'10209723454195190' login successfully
2017-05-09 20:33:45,891 INFO Login oauth - email:'palmargisla@gmail.com' login successfully
2017-05-10 07:47:50,454 INFO Login oauth - email:'palmargisla@gmail.com' login successfully
2017-05-10 07:55:01,356 INFO Login oauth - email:'palmargisla@gmail.com' login successfully
2017-05-10 12:36:58,720 INFO Register - email:'asdf@asdf.is' register successfully
2017-05-10 12:38:09,836 INFO Register - email:'asdfa@asdf.is' register successfully
2017-05-12 21:28:00,019 INFO Login oauth - email:'palmargisla@gmail.com' login successfully
